Running: C:\Xilinx\14.7\ISE_DS\ISE\bin\nt64\unwrapped\fuse.exe -intstyle ise -incremental -lib unisims_ver -lib unimacro_ver -lib xilinxcorelib_ver -lib secureip -o C:/Academics/projects/EE lab_processor/micro_tb_isim_beh.exe -prj C:/Academics/projects/EE lab_processor/micro_tb_beh.prj work.micro_tb work.glbl 
ISim P.20131013 (signature 0x7708f090)
Number of CPUs detected in this system: 4
Turning on mult-threading, number of parallel sub-compilation jobs: 8 
Determining compilation order of HDL files
Analyzing Verilog file "C:/Academics/projects/EE lab_processor/ipcore_dir/ila.v" into library work
Analyzing Verilog file "C:/Academics/projects/EE lab_processor/ipcore_dir/icon.v" into library work
WARNING:HDLCompiler:687 - "C:/Academics/projects/EE lab_processor/ipcore_dir/icon.v" Line 1207: Illegal redeclaration of module <glbl>.
Analyzing Verilog file "C:/Academics/projects/EE lab_processor/reg_file.v" into library work
Analyzing Verilog file "C:/Academics/projects/EE lab_processor/program_counter.v" into library work
Analyzing Verilog file "C:/Academics/projects/EE lab_processor/ipcore_dir/dmem.v" into library work
Analyzing Verilog file "C:/Academics/projects/EE lab_processor/inst_memory.v" into library work
Analyzing Verilog file "C:/Academics/projects/EE lab_processor/alu.v" into library work
Analyzing Verilog file "C:/Academics/projects/EE lab_processor/control_unit.v" into library work
Analyzing Verilog file "C:/Academics/projects/EE lab_processor/micro.v" into library work
Analyzing Verilog file "C:/Academics/projects/EE lab_processor/micro_tb.v" into library work
Analyzing Verilog file "C:/Xilinx/14.7/ISE_DS/ISE//verilog/src/glbl.v" into library work
WARNING:HDLCompiler:687 - "C:/Xilinx/14.7/ISE_DS/ISE//verilog/src/glbl.v" Line 5: Illegal redeclaration of module <glbl>.
Starting static elaboration
ERROR:HDLCompiler:1654 - "C:/Academics/projects/EE lab_processor/ipcore_dir/icon.v" Line 149: Instantiating <U0/U_ICON/I_YES_BSCAN.U_BS/I_USE_SOFTBSCAN_EQ0.I_USE_XST_TCK_WORKAROUND_EQ1.U_ICON_BSCAN_BUFG> from unknown module <icon_bscan_bufg>
WARNING:HDLCompiler:1007 - "N:/P.20131013/rtf/verilog/src/unisims/ARAMB36_INTERNAL.v" Line 940: Element index 2 into memp is out of bounds
WARNING:HDLCompiler:1007 - "N:/P.20131013/rtf/verilog/src/unisims/ARAMB36_INTERNAL.v" Line 944: Element index 3 into memp is out of bounds
WARNING:HDLCompiler:1007 - "N:/P.20131013/rtf/verilog/src/unisims/ARAMB36_INTERNAL.v" Line 960: Element index 2 into memp is out of bounds
WARNING:HDLCompiler:1007 - "N:/P.20131013/rtf/verilog/src/unisims/ARAMB36_INTERNAL.v" Line 964: Element index 3 into memp is out of bounds
WARNING:HDLCompiler:1007 - "N:/P.20131013/rtf/verilog/src/unisims/ARAMB36_INTERNAL.v" Line 968: Element index 4 into memp is out of bounds
WARNING:HDLCompiler:1007 - "N:/P.20131013/rtf/verilog/src/unisims/ARAMB36_INTERNAL.v" Line 972: Element index 5 into memp is out of bounds
WARNING:HDLCompiler:1007 - "N:/P.20131013/rtf/verilog/src/unisims/ARAMB36_INTERNAL.v" Line 976: Element index 6 into memp is out of bounds
WARNING:HDLCompiler:1007 - "N:/P.20131013/rtf/verilog/src/unisims/ARAMB36_INTERNAL.v" Line 980: Element index 7 into memp is out of bounds
WARNING:HDLCompiler:1007 - "N:/P.20131013/rtf/verilog/src/unisims/ARAMB36_INTERNAL.v" Line 1036: Element index 2 into memp is out of bounds
WARNING:HDLCompiler:1007 - "N:/P.20131013/rtf/verilog/src/unisims/ARAMB36_INTERNAL.v" Line 1037: Element index 3 into memp is out of bounds
WARNING:HDLCompiler:1007 - "N:/P.20131013/rtf/verilog/src/unisims/ARAMB36_INTERNAL.v" Line 1045: Element index 2 into memp is out of bounds
WARNING:HDLCompiler:1007 - "N:/P.20131013/rtf/verilog/src/unisims/ARAMB36_INTERNAL.v" Line 1046: Element index 3 into memp is out of bounds
WARNING:HDLCompiler:1007 - "N:/P.20131013/rtf/verilog/src/unisims/ARAMB36_INTERNAL.v" Line 1047: Element index 4 into memp is out of bounds
WARNING:HDLCompiler:1007 - "N:/P.20131013/rtf/verilog/src/unisims/ARAMB36_INTERNAL.v" Line 1048: Element index 5 into memp is out of bounds
WARNING:HDLCompiler:1007 - "N:/P.20131013/rtf/verilog/src/unisims/ARAMB36_INTERNAL.v" Line 1049: Element index 6 into memp is out of bounds
WARNING:HDLCompiler:1007 - "N:/P.20131013/rtf/verilog/src/unisims/ARAMB36_INTERNAL.v" Line 1050: Element index 7 into memp is out of bounds
WARNING:HDLCompiler:1007 - "N:/P.20131013/rtf/verilog/src/unisims/ARAMB36_INTERNAL.v" Line 1102: Element index 2 into memp is out of bounds
WARNING:HDLCompiler:1007 - "N:/P.20131013/rtf/verilog/src/unisims/ARAMB36_INTERNAL.v" Line 1103: Element index 3 into memp is out of bounds
WARNING:HDLCompiler:1007 - "N:/P.20131013/rtf/verilog/src/unisims/ARAMB36_INTERNAL.v" Line 1110: Element index 2 into memp is out of bounds
WARNING:HDLCompiler:1007 - "N:/P.20131013/rtf/verilog/src/unisims/ARAMB36_INTERNAL.v" Line 1111: Element index 3 into memp is out of bounds
WARNING:HDLCompiler:1007 - "N:/P.20131013/rtf/verilog/src/unisims/ARAMB36_INTERNAL.v" Line 1112: Element index 4 into memp is out of bounds
WARNING:HDLCompiler:1007 - "N:/P.20131013/rtf/verilog/src/unisims/ARAMB36_INTERNAL.v" Line 1113: Element index 5 into memp is out of bounds
WARNING:HDLCompiler:1007 - "N:/P.20131013/rtf/verilog/src/unisims/ARAMB36_INTERNAL.v" Line 1114: Element index 6 into memp is out of bounds
WARNING:HDLCompiler:1007 - "N:/P.20131013/rtf/verilog/src/unisims/ARAMB36_INTERNAL.v" Line 1115: Element index 7 into memp is out of bounds
WARNING:HDLCompiler:1007 - "N:/P.20131013/rtf/verilog/src/unisims/ARAMB36_INTERNAL.v" Line 1210: Element index 23 into mem is out of bounds
WARNING:HDLCompiler:1007 - "N:/P.20131013/rtf/verilog/src/unisims/ARAMB36_INTERNAL.v" Line 1211: Element index 2 into memp is out of bounds
WARNING:HDLCompiler:1007 - "N:/P.20131013/rtf/verilog/src/unisims/ARAMB36_INTERNAL.v" Line 1216: Element index 31 into mem is out of bounds
WARNING:HDLCompiler:1007 - "N:/P.20131013/rtf/verilog/src/unisims/ARAMB36_INTERNAL.v" Line 1217: Element index 3 into memp is out of bounds
WARNING:HDLCompiler:1007 - "N:/P.20131013/rtf/verilog/src/unisims/ARAMB36_INTERNAL.v" Line 1238: Element index 23 into mem is out of bounds
WARNING:HDLCompiler:1007 - "N:/P.20131013/rtf/verilog/src/unisims/ARAMB36_INTERNAL.v" Line 1239: Element index 2 into memp is out of bounds
WARNING:HDLCompiler:1007 - "N:/P.20131013/rtf/verilog/src/unisims/ARAMB36_INTERNAL.v" Line 1244: Element index 31 into mem is out of bounds
WARNING:HDLCompiler:1007 - "N:/P.20131013/rtf/verilog/src/unisims/ARAMB36_INTERNAL.v" Line 1245: Element index 3 into memp is out of bounds
WARNING:HDLCompiler:1007 - "N:/P.20131013/rtf/verilog/src/unisims/ARAMB36_INTERNAL.v" Line 1250: Element index 39 into mem is out of bounds
WARNING:HDLCompiler:1007 - "N:/P.20131013/rtf/verilog/src/unisims/ARAMB36_INTERNAL.v" Line 1251: Element index 4 into memp is out of bounds
WARNING:HDLCompiler:1007 - "N:/P.20131013/rtf/verilog/src/unisims/ARAMB36_INTERNAL.v" Line 1256: Element index 47 into mem is out of bounds
WARNING:HDLCompiler:1007 - "N:/P.20131013/rtf/verilog/src/unisims/ARAMB36_INTERNAL.v" Line 1257: Element index 5 into memp is out of bounds
WARNING:HDLCompiler:1007 - "N:/P.20131013/rtf/verilog/src/unisims/ARAMB36_INTERNAL.v" Line 1262: Element index 55 into mem is out of bounds
WARNING:HDLCompiler:1007 - "N:/P.20131013/rtf/verilog/src/unisims/ARAMB36_INTERNAL.v" Line 1263: Element index 6 into memp is out of bounds
WARNING:HDLCompiler:1007 - "N:/P.20131013/rtf/verilog/src/unisims/ARAMB36_INTERNAL.v" Line 1268: Element index 63 into mem is out of bounds
WARNING:HDLCompiler:1007 - "N:/P.20131013/rtf/verilog/src/unisims/ARAMB36_INTERNAL.v" Line 1269: Element index 7 into memp is out of bounds
WARNING:HDLCompiler:1007 - "N:/P.20131013/rtf/verilog/src/unisims/ARAMB36_INTERNAL.v" Line 1370: Element index 23 into mem is out of bounds
WARNING:HDLCompiler:1007 - "N:/P.20131013/rtf/verilog/src/unisims/ARAMB36_INTERNAL.v" Line 1371: Element index 2 into memp is out of bounds
WARNING:HDLCompiler:1007 - "N:/P.20131013/rtf/verilog/src/unisims/ARAMB36_INTERNAL.v" Line 1376: Element index 31 into mem is out of bounds
WARNING:HDLCompiler:1007 - "N:/P.20131013/rtf/verilog/src/unisims/ARAMB36_INTERNAL.v" Line 1377: Element index 3 into memp is out of bounds
WARNING:HDLCompiler:1007 - "N:/P.20131013/rtf/verilog/src/unisims/ARAMB36_INTERNAL.v" Line 1398: Element index 23 into mem is out of bounds
WARNING:HDLCompiler:1007 - "N:/P.20131013/rtf/verilog/src/unisims/ARAMB36_INTERNAL.v" Line 1399: Element index 2 into memp is out of bounds
WARNING:HDLCompiler:1007 - "N:/P.20131013/rtf/verilog/src/unisims/ARAMB36_INTERNAL.v" Line 1404: Element index 31 into mem is out of bounds
WARNING:HDLCompiler:1007 - "N:/P.20131013/rtf/verilog/src/unisims/ARAMB36_INTERNAL.v" Line 1405: Element index 3 into memp is out of bounds
WARNING:HDLCompiler:1007 - "N:/P.20131013/rtf/verilog/src/unisims/ARAMB36_INTERNAL.v" Line 1410: Element index 39 into mem is out of bounds
WARNING:HDLCompiler:1007 - "N:/P.20131013/rtf/verilog/src/unisims/ARAMB36_INTERNAL.v" Line 1411: Element index 4 into memp is out of bounds
WARNING:HDLCompiler:1007 - "N:/P.20131013/rtf/verilog/src/unisims/ARAMB36_INTERNAL.v" Line 1416: Element index 47 into mem is out of bounds
WARNING:HDLCompiler:1007 - "N:/P.20131013/rtf/verilog/src/unisims/ARAMB36_INTERNAL.v" Line 1417: Element index 5 into memp is out of bounds
WARNING:HDLCompiler:1007 - "N:/P.20131013/rtf/verilog/src/unisims/ARAMB36_INTERNAL.v" Line 1422: Element index 55 into mem is out of bounds
WARNING:HDLCompiler:1007 - "N:/P.20131013/rtf/verilog/src/unisims/ARAMB36_INTERNAL.v" Line 1423: Element index 6 into memp is out of bounds
WARNING:HDLCompiler:1007 - "N:/P.20131013/rtf/verilog/src/unisims/ARAMB36_INTERNAL.v" Line 1428: Element index 63 into mem is out of bounds
WARNING:HDLCompiler:1007 - "N:/P.20131013/rtf/verilog/src/unisims/ARAMB36_INTERNAL.v" Line 1429: Element index 7 into memp is out of bounds
ERROR:Simulator:778 - Static elaboration of top level Verilog design unit(s) in library work failed
